<?xml version="1.0" encoding="UTF-8"?>
<coverage generated="1648823665024" clover="3.2.0">
  <project timestamp="1648823665024" name="All files">
    <metrics statements="18" coveredstatements="9" conditionals="2" coveredconditionals="1" methods="6" coveredmethods="3" elements="26" coveredelements="13" complexity="0" loc="18" ncloc="18" packages="1" files="2" classes="2"/>
    <file name="delete-task.js" path="/home/espada/Repos/microverse/module-2/projects/to-do-list/src/delete-task.js">
      <metrics statements="9" coveredstatements="0" conditionals="0" coveredconditionals="0" methods="3" coveredmethods="0"/>
      <line num="6" count="0" type="stmt"/>
      <line num="7" count="0" type="stmt"/>
      <line num="8" count="0" type="stmt"/>
      <line num="10" count="0" type="stmt"/>
      <line num="15" count="0" type="stmt"/>
      <line num="16" count="0" type="stmt"/>
      <line num="17" count="0" type="stmt"/>
      <line num="19" count="0" type="stmt"/>
      <line num="20" count="0" type="stmt"/>
    </file>
    <file name="store-list.js" path="/home/espada/Repos/microverse/module-2/projects/to-do-list/src/store-list.js">
      <metrics statements="9" coveredstatements="9" conditionals="2" coveredconditionals="1" methods="3" coveredmethods="3"/>
      <line num="2" count="1" type="stmt"/>
      <line num="3" count="1" type="stmt"/>
      <line num="6" count="1" type="stmt"/>
      <line num="7" count="1" type="stmt"/>
      <line num="8" count="1" type="cond" truecount="1" falsecount="1"/>
      <line num="9" count="1" type="stmt"/>
      <line num="10" count="1" type="stmt"/>
      <line num="11" count="1" type="stmt"/>
      <line num="14" count="1" type="stmt"/>
    </file>
  </project>
</coverage>
